<?xml version="1.0" encoding="UTF-8"?>
<!-- Generated by org.testng.reporters.JUnitReportReporter -->
<testsuite hostname="tejasvi-k37k" failures="0" tests="1" name="base.BaseSetup" time="7.064" errors="0" timestamp="2021-03-31T11:52:32 GMT" skipped="0">
  <testcase classname="base.BaseSetup" name="getDriver" time="7.064"/>
  <system-out/>
</testsuite> <!-- base.BaseSetup -->
