<?xml version="1.0" encoding="UTF-8"?>
<!-- Generated by org.testng.reporters.JUnitReportReporter -->
<testsuite hostname="tejasvi-k37k" failures="0" tests="1" name="testCases.TC1" time="1.211" errors="0" timestamp="2021-03-31T13:07:34 GMT" skipped="0">
  <testcase classname="testCases.TC1" name="scenario" time="1.211"/>
  <system-out/>
</testsuite> <!-- testCases.TC1 -->
